<?xml version="1.0" encoding="UTF-8"?>
<!-- Generated by org.testng.reporters.JUnitReportReporter -->
<testsuite hostname="DESKTOP-3GNSTIR" failures="0" tests="1" name="myFirstAppuim.FloatingNumberTest" time="10.676" errors="0" timestamp="2022-06-01T00:31:26 EET" skipped="0">
  <testcase classname="myFirstAppuim.FloatingNumberTest" name="floatSum" time="10.676"/>
</testsuite> <!-- myFirstAppuim.FloatingNumberTest -->
