<?xml version="1.0" encoding="UTF-8"?>
<!-- Generated by org.testng.reporters.JUnitReportReporter -->
<testsuite hostname="DESKTOP-3GNSTIR" failures="0" tests="1" name="myFirstAppuim.AA" time="0.222" errors="0" timestamp="2022-05-31T21:17:08 EET" skipped="0">
  <testcase classname="myFirstAppuim.AA" name="myFunction" time="0.222"/>
</testsuite> <!-- myFirstAppuim.AA -->
