<?xml version="1.0" encoding="UTF-8"?>
<!-- Generated by org.testng.reporters.JUnitReportReporter -->
<testsuite hostname="DESKTOP-3GNSTIR" failures="0" tests="1" name="myFirstAppuim.MobileCababiltes" time="20.751" errors="0" timestamp="2022-05-31T14:58:11 EET" skipped="0">
  <testcase classname="myFirstAppuim.MobileCababiltes" name="aa" time="20.751"/>
</testsuite> <!-- myFirstAppuim.MobileCababiltes -->
